# JRE version: OpenJDK Runtime Environment Temurin-21.0.3+9 (21.0.3+9) (build 21.0.3+9-LTS)
# Java VM: OpenJDK 64-Bit Server VM Temurin-21.0.3+9 (21.0.3+9-LTS, mixed mode, emulated-client, tiered, compressed oops, compressed class ptrs, g1 gc, windows-amd64)
GC Precious Log:
 CardTable entry size: 512
 Card Set container configuration: InlinePtr #cards 4 size 8 Array Of Cards #cards 16 size 48 Howl #buckets 8 coarsen threshold 3686 Howl Bitmap #cards 512 size 80 coarsen threshold 460 Card regions per heap region 1 cards per card region 4096
 CPUs: 4 total, 4 available
 Memory: 16265M
 Large Page Support: Disabled
 NUMA Support: Disabled
 Compressed Oops: Enabled (Zero based)
 Heap Region Size: 2M
 Heap Min Capacity: 8M
 Heap Initial Capacity: 256M
 Heap Max Capacity: 4068M
 Pre-touch: Disabled
 Parallel Workers: 4
 Concurrent Workers: 1
 Concurrent Refinement Workers: 4
 Periodic GC: Disabled
Heap:
 garbage-first heap   total 75776K, used 61645K [0x0000000701c00000, 0x0000000800000000)
  region size 2048K, 18 young (36864K), 2 survivors (4096K)
 Metaspace       used 65977K, committed 66560K, reserved 1114112K
  class space    used 7117K, committed 7424K, reserved 1048576K
GC Heap History (20 events):
Event: 486.126 GC heap after
{Heap after GC invocations=43 (full 2):
 garbage-first heap   total 75776K, used 28255K [0x0000000701c00000, 0x0000000800000000)
  region size 2048K, 1 young (2048K), 1 survivors (2048K)
 Metaspace       used 63769K, committed 64448K, reserved 1114112K
  class space    used 6973K, committed 7296K, reserved 1048576K
}
Event: 495.918 GC heap before
{Heap before GC invocations=43 (full 2):
 garbage-first heap   total 75776K, used 65119K [0x0000000701c00000, 0x0000000800000000)
  region size 2048K, 19 young (38912K), 1 survivors (2048K)
 Metaspace       used 63769K, committed 64448K, reserved 1114112K
  class space    used 6973K, committed 7296K, reserved 1048576K
}
Event: 495.920 GC heap after
{Heap after GC invocations=44 (full 2):
 garbage-first heap   total 75776K, used 28244K [0x0000000701c00000, 0x0000000800000000)
  region size 2048K, 1 young (2048K), 1 survivors (2048K)
 Metaspace       used 63769K, committed 64448K, reserved 1114112K
  class space    used 6973K, committed 7296K, reserved 1048576K
}
Event: 508.165 GC heap before
{Heap before GC invocations=44 (full 2):
 garbage-first heap   total 75776K, used 65108K [0x0000000701c00000, 0x0000000800000000)
  region size 2048K, 19 young (38912K), 1 survivors (2048K)
 Metaspace       used 63769K, committed 64448K, reserved 1114112K
  class space    used 6973K, committed 7296K, reserved 1048576K
}
Event: 508.167 GC heap after
{Heap after GC invocations=45 (full 2):
 garbage-first heap   total 75776K, used 28294K [0x0000000701c00000, 0x0000000800000000)
  region size 2048K, 1 young (2048K), 1 survivors (2048K)
 Metaspace       used 63769K, committed 64448K, reserved 1114112K
  class space    used 6973K, committed 7296K, reserved 1048576K
}
Event: 519.433 GC heap before
{Heap before GC invocations=46 (full 2):
 garbage-first heap   total 75776K, used 65158K [0x0000000701c00000, 0x0000000800000000)
  region size 2048K, 19 young (38912K), 1 survivors (2048K)
 Metaspace       used 63688K, committed 64448K, reserved 1114112K
  class space    used 6951K, committed 7296K, reserved 1048576K
}
Event: 519.435 GC heap after
{Heap after GC invocations=47 (full 2):
 garbage-first heap   total 75776K, used 28242K [0x0000000701c00000, 0x0000000800000000)
  region size 2048K, 1 young (2048K), 1 survivors (2048K)
 Metaspace       used 63688K, committed 64448K, reserved 1114112K
  class space    used 6951K, committed 7296K, reserved 1048576K
}
Event: 530.461 GC heap before
{Heap before GC invocations=47 (full 2):
 garbage-first heap   total 75776K, used 65106K [0x0000000701c00000, 0x0000000800000000)
  region size 2048K, 19 young (38912K), 1 survivors (2048K)
 Metaspace       used 63688K, committed 64448K, reserved 1114112K
  class space    used 6951K, committed 7296K, reserved 1048576K
}
Event: 530.466 GC heap after
{Heap after GC invocations=48 (full 2):
 garbage-first heap   total 75776K, used 25594K [0x0000000701c00000, 0x0000000800000000)
  region size 2048K, 1 young (2048K), 1 survivors (2048K)
 Metaspace       used 63688K, committed 64448K, reserved 1114112K
  class space    used 6951K, committed 7296K, reserved 1048576K
}
Event: 541.329 GC heap before
{Heap before GC invocations=48 (full 2):
 garbage-first heap   total 75776K, used 64506K [0x0000000701c00000, 0x0000000800000000)
  region size 2048K, 20 young (40960K), 1 survivors (2048K)
 Metaspace       used 63688K, committed 64448K, reserved 1114112K
  class space    used 6951K, committed 7296K, reserved 1048576K
}
Event: 541.332 GC heap after
{Heap after GC invocations=49 (full 2):
 garbage-first heap   total 75776K, used 26362K [0x0000000701c00000, 0x0000000800000000)
  region size 2048K, 1 young (2048K), 1 survivors (2048K)
 Metaspace       used 63688K, committed 64448K, reserved 1114112K
  class space    used 6951K, committed 7296K, reserved 1048576K
}
Event: 552.813 GC heap before
{Heap before GC invocations=50 (full 2):
 garbage-first heap   total 75776K, used 65274K [0x0000000701c00000, 0x0000000800000000)
  region size 2048K, 20 young (40960K), 1 survivors (2048K)
 Metaspace       used 63688K, committed 64448K, reserved 1114112K
  class space    used 6951K, committed 7296K, reserved 1048576K
}
Event: 552.820 GC heap after
{Heap after GC invocations=51 (full 2):
 garbage-first heap   total 75776K, used 26517K [0x0000000701c00000, 0x0000000800000000)
  region size 2048K, 1 young (2048K), 1 survivors (2048K)
 Metaspace       used 63688K, committed 64448K, reserved 1114112K
  class space    used 6951K, committed 7296K, reserved 1048576K
}
Event: 567.234 GC heap before
{Heap before GC invocations=51 (full 2):
 garbage-first heap   total 75776K, used 63381K [0x0000000701c00000, 0x0000000800000000)
  region size 2048K, 20 young (40960K), 1 survivors (2048K)
 Metaspace       used 63692K, committed 64448K, reserved 1114112K
  class space    used 6952K, committed 7296K, reserved 1048576K
}
Event: 567.391 GC heap after
{Heap after GC invocations=52 (full 3):
 garbage-first heap   total 75776K, used 23377K [0x0000000701c00000, 0x0000000800000000)
  region size 2048K, 0 young (0K), 0 survivors (0K)
 Metaspace       used 63685K, committed 64448K, reserved 1114112K
  class space    used 6950K, committed 7296K, reserved 1048576K
}
Event: 569.555 GC heap before
{Heap before GC invocations=52 (full 3):
 garbage-first heap   total 75776K, used 66385K [0x0000000701c00000, 0x0000000800000000)
  region size 2048K, 22 young (45056K), 0 survivors (0K)
 Metaspace       used 64374K, committed 64960K, reserved 1114112K
  class space    used 6994K, committed 7296K, reserved 1048576K
}
Event: 569.564 GC heap after
{Heap after GC invocations=53 (full 3):
 garbage-first heap   total 75776K, used 27747K [0x0000000701c00000, 0x0000000800000000)
  region size 2048K, 3 young (6144K), 3 survivors (6144K)
 Metaspace       used 64374K, committed 64960K, reserved 1114112K
  class space    used 6994K, committed 7296K, reserved 1048576K
}
Event: 574.058 GC heap before
{Heap before GC invocations=54 (full 3):
 garbage-first heap   total 75776K, used 58467K [0x0000000701c00000, 0x0000000800000000)
  region size 2048K, 19 young (38912K), 3 survivors (6144K)
 Metaspace       used 65971K, committed 66560K, reserved 1114112K
  class space    used 7116K, committed 7424K, reserved 1048576K
}
Event: 574.067 GC heap after
{Heap after GC invocations=55 (full 3):
 garbage-first heap   total 75776K, used 28877K [0x0000000701c00000, 0x0000000800000000)
  region size 2048K, 2 young (4096K), 2 survivors (4096K)
 Metaspace       used 65971K, committed 66560K, reserved 1114112K
  class space    used 7116K, committed 7424K, reserved 1048576K
}
Event: 593.616 GC heap before
{Heap before GC invocations=55 (full 3):
 garbage-first heap   total 75776K, used 61645K [0x0000000701c00000, 0x0000000800000000)
  region size 2048K, 18 young (36864K), 2 survivors (4096K)
 Metaspace       used 65977K, committed 66560K, reserved 1114112K
  class space    used 7117K, committed 7424K, reserved 1048576K
}

